# JRE version: Java(TM) SE Runtime Environment (8.0_111-b14) (build 1.8.0_111-b14)
# Java VM: Java HotSpot(TM) 64-Bit Server VM (25.111-b14 mixed mode windows-amd64 compressed oops)
Heap:
 PSYoungGen      total 265728K, used 168925K [0x00000000d6600000, 0x00000000e9c00000, 0x0000000100000000)
  eden space 252928K, 66% used [0x00000000d6600000,0x00000000e0af7468,0x00000000e5d00000)
  from space 12800K, 0% used [0x00000000e5d00000,0x00000000e5d00000,0x00000000e6980000)
  to   space 14336K, 0% used [0x00000000e8e00000,0x00000000e8e00000,0x00000000e9c00000)
 ParOldGen       total 96256K, used 28679K [0x0000000083200000, 0x0000000089000000, 0x00000000d6600000)
  object space 96256K, 29% used [0x0000000083200000,0x0000000084e01d28,0x0000000089000000)
 Metaspace       used 51229K, capacity 53142K, committed 53504K, reserved 1095680K
  class space    used 7192K, capacity 7567K, committed 7680K, reserved 1048576K
GC Heap History (10 events):
Event: 3.490 GC heap before
{Heap before GC invocations=7 (full 0):
 PSYoungGen      total 139264K, used 109098K [0x00000000d6600000, 0x00000000df600000, 0x0000000100000000)
  eden space 131072K, 78% used [0x00000000d6600000,0x00000000dcb09a58,0x00000000de600000)
  from space 8192K, 68% used [0x00000000dee00000,0x00000000df381180,0x00000000df600000)
  to   space 8192K, 0% used [0x00000000de600000,0x00000000de600000,0x00000000dee00000)
 ParOldGen       total 86016K, used 2709K [0x0000000083200000, 0x0000000088600000, 0x00000000d6600000)
  object space 86016K, 3% used [0x0000000083200000,0x00000000834a5580,0x0000000088600000)
 Metaspace       used 20370K, capacity 21232K, committed 21296K, reserved 1067008K
  class space    used 2945K, capacity 3174K, committed 3200K, reserved 1048576K
Event: 3.503 GC heap after
Heap after GC invocations=7 (full 0):
 PSYoungGen      total 139264K, used 3153K [0x00000000d6600000, 0x00000000e7600000, 0x0000000100000000)
  eden space 131072K, 0% used [0x00000000d6600000,0x00000000d6600000,0x00000000de600000)
  from space 8192K, 38% used [0x00000000de600000,0x00000000de914650,0x00000000dee00000)
  to   space 8192K, 0% used [0x00000000e6e00000,0x00000000e6e00000,0x00000000e7600000)
 ParOldGen       total 86016K, used 6223K [0x0000000083200000, 0x0000000088600000, 0x00000000d6600000)
  object space 86016K, 7% used [0x0000000083200000,0x0000000083813de0,0x0000000088600000)
 Metaspace       used 20370K, capacity 21232K, committed 21296K, reserved 1067008K
  class space    used 2945K, capacity 3174K, committed 3200K, reserved 1048576K
}
Event: 3.503 GC heap before
{Heap before GC invocations=8 (full 1):
 PSYoungGen      total 139264K, used 3153K [0x00000000d6600000, 0x00000000e7600000, 0x0000000100000000)
  eden space 131072K, 0% used [0x00000000d6600000,0x00000000d6600000,0x00000000de600000)
  from space 8192K, 38% used [0x00000000de600000,0x00000000de914650,0x00000000dee00000)
  to   space 8192K, 0% used [0x00000000e6e00000,0x00000000e6e00000,0x00000000e7600000)
 ParOldGen       total 86016K, used 6223K [0x0000000083200000, 0x0000000088600000, 0x00000000d6600000)
  object space 86016K, 7% used [0x0000000083200000,0x0000000083813de0,0x0000000088600000)
 Metaspace       used 20370K, capacity 21232K, committed 21296K, reserved 1067008K
  class space    used 2945K, capacity 3174K, committed 3200K, reserved 1048576K
Event: 3.628 GC heap after
Heap after GC invocations=8 (full 1):
 PSYoungGen      total 139264K, used 0K [0x00000000d6600000, 0x00000000e7600000, 0x0000000100000000)
  eden space 131072K, 0% used [0x00000000d6600000,0x00000000d6600000,0x00000000de600000)
  from space 8192K, 0% used [0x00000000de600000,0x00000000de600000,0x00000000dee00000)
  to   space 8192K, 0% used [0x00000000e6e00000,0x00000000e6e00000,0x00000000e7600000)
 ParOldGen       total 55296K, used 9084K [0x0000000083200000, 0x0000000086800000, 0x00000000d6600000)
  object space 55296K, 16% used [0x0000000083200000,0x0000000083adf3e0,0x0000000086800000)
 Metaspace       used 20370K, capacity 21232K, committed 21296K, reserved 1067008K
  class space    used 2945K, capacity 3174K, committed 3200K, reserved 1048576K
}
Event: 8.273 GC heap before
{Heap before GC invocations=9 (full 1):
 PSYoungGen      total 139264K, used 131072K [0x00000000d6600000, 0x00000000e7600000, 0x0000000100000000)
  eden space 131072K, 100% used [0x00000000d6600000,0x00000000de600000,0x00000000de600000)
  from space 8192K, 0% used [0x00000000de600000,0x00000000de600000,0x00000000dee00000)
  to   space 8192K, 0% used [0x00000000e6e00000,0x00000000e6e00000,0x00000000e7600000)
 ParOldGen       total 55296K, used 9084K [0x0000000083200000, 0x0000000086800000, 0x00000000d6600000)
  object space 55296K, 16% used [0x0000000083200000,0x0000000083adf3e0,0x0000000086800000)
 Metaspace       used 28439K, capacity 29426K, committed 29696K, reserved 1075200K
  class space    used 4042K, capacity 4267K, committed 4352K, reserved 1048576K
Event: 8.294 GC heap after
Heap after GC invocations=9 (full 1):
 PSYoungGen      total 222208K, used 8164K [0x00000000d6600000, 0x00000000e7600000, 0x0000000100000000)
  eden space 214016K, 0% used [0x00000000d6600000,0x00000000d6600000,0x00000000e3700000)
  from space 8192K, 99% used [0x00000000e6e00000,0x00000000e75f93b0,0x00000000e7600000)
  to   space 12800K, 0% used [0x00000000e5d00000,0x00000000e5d00000,0x00000000e6980000)
 ParOldGen       total 55296K, used 17399K [0x0000000083200000, 0x0000000086800000, 0x00000000d6600000)
  object space 55296K, 31% used [0x0000000083200000,0x00000000842fdde8,0x0000000086800000)
 Metaspace       used 28439K, capacity 29426K, committed 29696K, reserved 1075200K
  class space    used 4042K, capacity 4267K, committed 4352K, reserved 1048576K
}
Event: 9.280 GC heap before
{Heap before GC invocations=10 (full 1):
 PSYoungGen      total 222208K, used 32630K [0x00000000d6600000, 0x00000000e7600000, 0x0000000100000000)
  eden space 214016K, 11% used [0x00000000d6600000,0x00000000d7de4580,0x00000000e3700000)
  from space 8192K, 99% used [0x00000000e6e00000,0x00000000e75f93b0,0x00000000e7600000)
  to   space 12800K, 0% used [0x00000000e5d00000,0x00000000e5d00000,0x00000000e6980000)
 ParOldGen       total 55296K, used 17399K [0x0000000083200000, 0x0000000086800000, 0x00000000d6600000)
  object space 55296K, 31% used [0x0000000083200000,0x00000000842fdde8,0x0000000086800000)
 Metaspace       used 34182K, capacity 35260K, committed 35456K, reserved 1079296K
  class space    used 4910K, capacity 5174K, committed 5248K, reserved 1048576K
Event: 9.295 GC heap after
Heap after GC invocations=10 (full 1):
 PSYoungGen      total 265728K, used 12172K [0x00000000d6600000, 0x00000000e9c00000, 0x0000000100000000)
  eden space 252928K, 0% used [0x00000000d6600000,0x00000000d6600000,0x00000000e5d00000)
  from space 12800K, 95% used [0x00000000e5d00000,0x00000000e68e3318,0x00000000e6980000)
  to   space 14336K, 0% used [0x00000000e8e00000,0x00000000e8e00000,0x00000000e9c00000)
 ParOldGen       total 55296K, used 17407K [0x0000000083200000, 0x0000000086800000, 0x00000000d6600000)
  object space 55296K, 31% used [0x0000000083200000,0x00000000842ffde8,0x0000000086800000)
 Metaspace       used 34182K, capacity 35260K, committed 35456K, reserved 1079296K
  class space    used 4910K, capacity 5174K, committed 5248K, reserved 1048576K
}
Event: 9.295 GC heap before
{Heap before GC invocations=11 (full 2):
 PSYoungGen      total 265728K, used 12172K [0x00000000d6600000, 0x00000000e9c00000, 0x0000000100000000)
  eden space 252928K, 0% used [0x00000000d6600000,0x00000000d6600000,0x00000000e5d00000)
  from space 12800K, 95% used [0x00000000e5d00000,0x00000000e68e3318,0x00000000e6980000)
  to   space 14336K, 0% used [0x00000000e8e00000,0x00000000e8e00000,0x00000000e9c00000)
 ParOldGen       total 55296K, used 17407K [0x0000000083200000, 0x0000000086800000, 0x00000000d6600000)
  object space 55296K, 31% used [0x0000000083200000,0x00000000842ffde8,0x0000000086800000)
 Metaspace       used 34182K, capacity 35260K, committed 35456K, reserved 1079296K
  class space    used 4910K, capacity 5174K, committed 5248K, reserved 1048576K
Event: 9.500 GC heap after
Heap after GC invocations=11 (full 2):
 PSYoungGen      total 265728K, used 0K [0x00000000d6600000, 0x00000000e9c00000, 0x0000000100000000)
  eden space 252928K, 0% used [0x00000000d6600000,0x00000000d6600000,0x00000000e5d00000)
  from space 12800K, 0% used [0x00000000e5d00000,0x00000000e5d00000,0x00000000e6980000)
  to   space 14336K, 0% used [0x00000000e8e00000,0x00000000e8e00000,0x00000000e9c00000)
 ParOldGen       total 96256K, used 28679K [0x0000000083200000, 0x0000000089000000, 0x00000000d6600000)
  object space 96256K, 29% used [0x0000000083200000,0x0000000084e01d28,0x0000000089000000)
 Metaspace       used 34182K, capacity 35260K, committed 35456K, reserved 1079296K
  class space    used 4910K, capacity 5174K, committed 5248K, reserved 1048576K
}

