# JRE version: Java(TM) SE Runtime Environment (8.0_111-b14) (build 1.8.0_111-b14)
# Java VM: Java HotSpot(TM) 64-Bit Server VM (25.111-b14 mixed mode windows-amd64 compressed oops)
Heap:
 PSYoungGen      total 265216K, used 178901K [0x00000000d6600000, 0x00000000e9980000, 0x0000000100000000)
  eden space 251904K, 71% used [0x00000000d6600000,0x00000000e14b5770,0x00000000e5c00000)
  from space 13312K, 0% used [0x00000000e5c00000,0x00000000e5c00000,0x00000000e6900000)
  to   space 14336K, 0% used [0x00000000e8b80000,0x00000000e8b80000,0x00000000e9980000)
 ParOldGen       total 88576K, used 23006K [0x0000000083200000, 0x0000000088880000, 0x00000000d6600000)
  object space 88576K, 25% used [0x0000000083200000,0x0000000084877b20,0x0000000088880000)
 Metaspace       used 51310K, capacity 53288K, committed 53504K, reserved 1095680K
  class space    used 7196K, capacity 7568K, committed 7680K, reserved 1048576K
GC Heap History (10 events):
Event: 4.186 GC heap before
{Heap before GC invocations=7 (full 0):
 PSYoungGen      total 139264K, used 108037K [0x00000000d6600000, 0x00000000df600000, 0x0000000100000000)
  eden space 131072K, 78% used [0x00000000d6600000,0x00000000dca15648,0x00000000de600000)
  from space 8192K, 67% used [0x00000000dee00000,0x00000000df36be68,0x00000000df600000)
  to   space 8192K, 0% used [0x00000000de600000,0x00000000de600000,0x00000000dee00000)
 ParOldGen       total 86016K, used 2494K [0x0000000083200000, 0x0000000088600000, 0x00000000d6600000)
  object space 86016K, 2% used [0x0000000083200000,0x000000008346f878,0x0000000088600000)
 Metaspace       used 20407K, capacity 21240K, committed 21296K, reserved 1067008K
  class space    used 2948K, capacity 3174K, committed 3200K, reserved 1048576K
Event: 4.203 GC heap after
Heap after GC invocations=7 (full 0):
 PSYoungGen      total 139264K, used 3486K [0x00000000d6600000, 0x00000000e7600000, 0x0000000100000000)
  eden space 131072K, 0% used [0x00000000d6600000,0x00000000d6600000,0x00000000de600000)
  from space 8192K, 42% used [0x00000000de600000,0x00000000de967b38,0x00000000dee00000)
  to   space 8192K, 0% used [0x00000000e6e00000,0x00000000e6e00000,0x00000000e7600000)
 ParOldGen       total 86016K, used 5876K [0x0000000083200000, 0x0000000088600000, 0x00000000d6600000)
  object space 86016K, 6% used [0x0000000083200000,0x00000000837bd128,0x0000000088600000)
 Metaspace       used 20407K, capacity 21240K, committed 21296K, reserved 1067008K
  class space    used 2948K, capacity 3174K, committed 3200K, reserved 1048576K
}
Event: 4.203 GC heap before
{Heap before GC invocations=8 (full 1):
 PSYoungGen      total 139264K, used 3486K [0x00000000d6600000, 0x00000000e7600000, 0x0000000100000000)
  eden space 131072K, 0% used [0x00000000d6600000,0x00000000d6600000,0x00000000de600000)
  from space 8192K, 42% used [0x00000000de600000,0x00000000de967b38,0x00000000dee00000)
  to   space 8192K, 0% used [0x00000000e6e00000,0x00000000e6e00000,0x00000000e7600000)
 ParOldGen       total 86016K, used 5876K [0x0000000083200000, 0x0000000088600000, 0x00000000d6600000)
  object space 86016K, 6% used [0x0000000083200000,0x00000000837bd128,0x0000000088600000)
 Metaspace       used 20407K, capacity 21240K, committed 21296K, reserved 1067008K
  class space    used 2948K, capacity 3174K, committed 3200K, reserved 1048576K
Event: 4.319 GC heap after
Heap after GC invocations=8 (full 1):
 PSYoungGen      total 139264K, used 0K [0x00000000d6600000, 0x00000000e7600000, 0x0000000100000000)
  eden space 131072K, 0% used [0x00000000d6600000,0x00000000d6600000,0x00000000de600000)
  from space 8192K, 0% used [0x00000000de600000,0x00000000de600000,0x00000000dee00000)
  to   space 8192K, 0% used [0x00000000e6e00000,0x00000000e6e00000,0x00000000e7600000)
 ParOldGen       total 55296K, used 8989K [0x0000000083200000, 0x0000000086800000, 0x00000000d6600000)
  object space 55296K, 16% used [0x0000000083200000,0x0000000083ac76e0,0x0000000086800000)
 Metaspace       used 20407K, capacity 21240K, committed 21296K, reserved 1067008K
  class space    used 2948K, capacity 3174K, committed 3200K, reserved 1048576K
}
Event: 8.750 GC heap before
{Heap before GC invocations=9 (full 1):
 PSYoungGen      total 139264K, used 131072K [0x00000000d6600000, 0x00000000e7600000, 0x0000000100000000)
  eden space 131072K, 100% used [0x00000000d6600000,0x00000000de600000,0x00000000de600000)
  from space 8192K, 0% used [0x00000000de600000,0x00000000de600000,0x00000000dee00000)
  to   space 8192K, 0% used [0x00000000e6e00000,0x00000000e6e00000,0x00000000e7600000)
 ParOldGen       total 55296K, used 8989K [0x0000000083200000, 0x0000000086800000, 0x00000000d6600000)
  object space 55296K, 16% used [0x0000000083200000,0x0000000083ac76e0,0x0000000086800000)
 Metaspace       used 31254K, capacity 32314K, committed 32640K, reserved 1077248K
  class space    used 4434K, capacity 4687K, committed 4736K, reserved 1048576K
Event: 8.769 GC heap after
Heap after GC invocations=9 (full 1):
 PSYoungGen      total 220160K, used 8188K [0x00000000d6600000, 0x00000000e7600000, 0x0000000100000000)
  eden space 211968K, 0% used [0x00000000d6600000,0x00000000d6600000,0x00000000e3500000)
  from space 8192K, 99% used [0x00000000e6e00000,0x00000000e75ff2e0,0x00000000e7600000)
  to   space 13312K, 0% used [0x00000000e5c00000,0x00000000e5c00000,0x00000000e6900000)
 ParOldGen       total 55296K, used 18249K [0x0000000083200000, 0x0000000086800000, 0x00000000d6600000)
  object space 55296K, 33% used [0x0000000083200000,0x00000000843d2520,0x0000000086800000)
 Metaspace       used 31254K, capacity 32314K, committed 32640K, reserved 1077248K
  class space    used 4434K, capacity 4687K, committed 4736K, reserved 1048576K
}
Event: 9.335 GC heap before
{Heap before GC invocations=10 (full 1):
 PSYoungGen      total 220160K, used 23481K [0x00000000d6600000, 0x00000000e7600000, 0x0000000100000000)
  eden space 211968K, 7% used [0x00000000d6600000,0x00000000d74ef150,0x00000000e3500000)
  from space 8192K, 99% used [0x00000000e6e00000,0x00000000e75ff2e0,0x00000000e7600000)
  to   space 13312K, 0% used [0x00000000e5c00000,0x00000000e5c00000,0x00000000e6900000)
 ParOldGen       total 55296K, used 18249K [0x0000000083200000, 0x0000000086800000, 0x00000000d6600000)
  object space 55296K, 33% used [0x0000000083200000,0x00000000843d2520,0x0000000086800000)
 Metaspace       used 34147K, capacity 35258K, committed 35456K, reserved 1079296K
  class space    used 4905K, capacity 5171K, committed 5248K, reserved 1048576K
Event: 9.348 GC heap after
Heap after GC invocations=10 (full 1):
 PSYoungGen      total 265216K, used 10523K [0x00000000d6600000, 0x00000000e9980000, 0x0000000100000000)
  eden space 251904K, 0% used [0x00000000d6600000,0x00000000d6600000,0x00000000e5c00000)
  from space 13312K, 79% used [0x00000000e5c00000,0x00000000e6646d10,0x00000000e6900000)
  to   space 14336K, 0% used [0x00000000e8b80000,0x00000000e8b80000,0x00000000e9980000)
 ParOldGen       total 55296K, used 18257K [0x0000000083200000, 0x0000000086800000, 0x00000000d6600000)
  object space 55296K, 33% used [0x0000000083200000,0x00000000843d4520,0x0000000086800000)
 Metaspace       used 34147K, capacity 35258K, committed 35456K, reserved 1079296K
  class space    used 4905K, capacity 5171K, committed 5248K, reserved 1048576K
}
Event: 9.348 GC heap before
{Heap before GC invocations=11 (full 2):
 PSYoungGen      total 265216K, used 10523K [0x00000000d6600000, 0x00000000e9980000, 0x0000000100000000)
  eden space 251904K, 0% used [0x00000000d6600000,0x00000000d6600000,0x00000000e5c00000)
  from space 13312K, 79% used [0x00000000e5c00000,0x00000000e6646d10,0x00000000e6900000)
  to   space 14336K, 0% used [0x00000000e8b80000,0x00000000e8b80000,0x00000000e9980000)
 ParOldGen       total 55296K, used 18257K [0x0000000083200000, 0x0000000086800000, 0x00000000d6600000)
  object space 55296K, 33% used [0x0000000083200000,0x00000000843d4520,0x0000000086800000)
 Metaspace       used 34147K, capacity 35258K, committed 35456K, reserved 1079296K
  class space    used 4905K, capacity 5171K, committed 5248K, reserved 1048576K
Event: 9.423 GC heap after
Heap after GC invocations=11 (full 2):
 PSYoungGen      total 265216K, used 0K [0x00000000d6600000, 0x00000000e9980000, 0x0000000100000000)
  eden space 251904K, 0% used [0x00000000d6600000,0x00000000d6600000,0x00000000e5c00000)
  from space 13312K, 0% used [0x00000000e5c00000,0x00000000e5c00000,0x00000000e6900000)
  to   space 14336K, 0% used [0x00000000e8b80000,0x00000000e8b80000,0x00000000e9980000)
 ParOldGen       total 88576K, used 23006K [0x0000000083200000, 0x0000000088880000, 0x00000000d6600000)
  object space 88576K, 25% used [0x0000000083200000,0x0000000084877b20,0x0000000088880000)
 Metaspace       used 34147K, capacity 35258K, committed 35456K, reserved 1079296K
  class space    used 4905K, capacity 5171K, committed 5248K, reserved 1048576K
}

